0 info it worked if it ends with ok
1 verbose cli [ 'c:\\Program Files\\nodejs\\node.exe',
1 verbose cli   'c:\\Program Files\\nodejs\\node_modules\\npm\\bin\\npm-cli.js',
1 verbose cli   'install' ]
2 info using npm@1.4.28
3 info using node@v0.10.35
4 verbose readDependencies using package.json deps
5 verbose install where, deps [ 'd:\\Project\\MailApp', [ 'http-server', 'bower' ] ]
6 info preinstall MailApp@0.0.0
7 verbose readDependencies using package.json deps
8 verbose already installed skipping http-server@^0.6.1 d:\Project\MailApp
9 verbose already installed skipping bower@^1.3.1 d:\Project\MailApp
10 silly resolved []
11 info build d:\Project\MailApp
12 verbose linkStuff [ false, false, false, 'd:\\Project' ]
13 info linkStuff MailApp@0.0.0
14 verbose linkBins MailApp@0.0.0
15 verbose linkMans MailApp@0.0.0
16 verbose rebuildBundles MailApp@0.0.0
17 verbose rebuildBundles [ '.bin', 'bower', 'http-server' ]
18 info install MailApp@0.0.0
19 info postinstall MailApp@0.0.0
20 verbose unsafe-perm in lifecycle true
21 info MailApp@0.0.0 Failed to exec postinstall script
22 error MailApp@0.0.0 postinstall: `bower install`
22 error Exit status 1
23 error Failed at the MailApp@0.0.0 postinstall script.
23 error This is most likely a problem with the MailApp package,
23 error not with npm itself.
23 error Tell the author that this fails on your system:
23 error     bower install
23 error You can get their info via:
23 error     npm owner ls MailApp
23 error There is likely additional logging output above.
24 error System Windows_NT 6.1.7601
25 error command "c:\\Program Files\\nodejs\\node.exe" "c:\\Program Files\\nodejs\\node_modules\\npm\\bin\\npm-cli.js" "install"
26 error cwd d:\Project\MailApp
27 error node -v v0.10.35
28 error npm -v 1.4.28
29 error code ELIFECYCLE
30 verbose exit [ 1, true ]
